<?xml version="1.0" encoding="UTF-8"?>
<!-- Generated by org.testng.reporters.JUnitXMLReporter -->
<testsuite hostname="hp-HP" ignored="0" name="bankingapp Test" tests="3" failures="2" timestamp="2020-10-12T12:18:34 IST" time="38.429" errors="0">
  <testcase name="loginTestDdt" time="13.753" classname="com.inetbanking.testcase.TC_LoginPage_test_ddt"/>
  <testcase name="loginTestDdt" time="8.525" classname="com.inetbanking.testcase.TC_LoginPage_test_ddt">
    <failure type="junit.framework.AssertionFailedError">
      <![CDATA[junit.framework.AssertionFailedError
at junit.framework.Assert.fail(Assert.java:55)
at junit.framework.Assert.assertTrue(Assert.java:22)
at junit.framework.Assert.assertTrue(Assert.java:31)
at com.inetbanking.testcase.TC_LoginPage_test_ddt.loginTestDdt(TC_LoginPage_test_ddt.java:32)
at java.util.ArrayList.forEach(ArrayList.java:1257)
... Removed 31 stack frames]]>
    </failure>
  </testcase> <!-- loginTestDdt -->
  <testcase name="loginTestDdt" time="7.86" classname="com.inetbanking.testcase.TC_LoginPage_test_ddt">
    <failure type="junit.framework.AssertionFailedError">
      <![CDATA[junit.framework.AssertionFailedError
at junit.framework.Assert.fail(Assert.java:55)
at junit.framework.Assert.assertTrue(Assert.java:22)
at junit.framework.Assert.assertTrue(Assert.java:31)
at com.inetbanking.testcase.TC_LoginPage_test_ddt.loginTestDdt(TC_LoginPage_test_ddt.java:32)
at java.util.ArrayList.forEach(ArrayList.java:1257)
... Removed 31 stack frames]]>
    </failure>
  </testcase> <!-- loginTestDdt -->
</testsuite> <!-- bankingapp Test -->
